#
# A fatal error has been detected by the Java Runtime Environment:
#
#  EXCEPTION_ACCESS_VIOLATION (0xc0000005) at pc=0x00007ffc7e4d3ebe, pid=23756, tid=23348
#
# JRE version: Java(TM) SE Runtime Environment (12.0.1+12) (build 12.0.1+12)
# Java VM: Java HotSpot(TM) 64-Bit Server VM (12.0.1+12, mixed mode, sharing, tiered, compressed oops, g1 gc, windows-amd64)
# Problematic frame:
# V  [jvm.dll+0x5f3ebe]
#
# No core dump will be written. Minidumps are not enabled by default on client versions of Windows
#
# If you would like to submit a bug report, please visit:
#   http://bugreport.java.com/bugreport/crash.jsp
#

---------------  S U M M A R Y ------------

Command Line: -agentlib:jdwp=transport=dt_socket,suspend=y,address=localhost:49277 -ea -javaagent:C:\Users\miche\eclipse\java-2021-03\eclipse\configuration\org.eclipse.osgi\222\0\.cp\lib\javaagent-shaded.jar -Dfile.encoding=Cp1252 org.eclipse.jdt.internal.junit.runner.RemoteTestRunner -version 3 -port 49276 -testLoaderClass org.eclipse.jdt.internal.junit4.runner.JUnit4TestLoader -loaderpluginname org.eclipse.jdt.junit4.runtime -classNames br.ce.maquino.APIRest.TestAPI

Host: Intel(R) Core(TM) i5-8250U CPU @ 1.60GHz, 8 cores, 7G,  Windows 10 , 64 bit Build 19041 (10.0.19041.928)
Time: Thu Jun 10 21:53:21 2021 Hora oficial do Brasil elapsed time: 1137 seconds (0d 0h 18m 57s)

---------------  T H R E A D  ---------------

Current thread (0x000001ff24ec7000):  VMThread "VM Thread" [stack: 0x000000f165e00000,0x000000f165f00000] [id=23348]

Stack: [0x000000f165e00000,0x000000f165f00000],  sp=0x000000f165eff5d0,  free space=1021k
Native frames: (J=compiled Java code, j=interpreted, Vv=VM code, C=native code)
V  [jvm.dll+0x5f3ebe]
V  [jvm.dll+0x5092a1]
V  [jvm.dll+0x1ebe0b]
V  [jvm.dll+0x1edc4e]
V  [jvm.dll+0x5093b3]
V  [jvm.dll+0x78dccc]
V  [jvm.dll+0x791b27]
V  [jvm.dll+0x792366]
V  [jvm.dll+0x792697]
V  [jvm.dll+0x748648]
V  [jvm.dll+0x638566]
C  [ucrtbase.dll+0x21bb2]
C  [KERNEL32.DLL+0x17034]
C  [ntdll.dll+0x52651]


siginfo: EXCEPTION_ACCESS_VIOLATION (0xc0000005), reading address 0x0000000000110130


Register to memory mapping:

RIP=0x00007ffc7e4d3ebe jvm.dll
RAX=0x000001ff24ec1fc0 points into unknown readable memory: 00 00 00 00 00 00 00 00
RBX=0x000001ff25379b90 is pointing into metadata
RCX=0x0000000000000008 is an unknown value
RDX=0x0000000000000002 is an unknown value
RSP=0x000000f165eff5d0 points into unknown readable memory: a8 64 7a 7e fc 7f 00 00
RBP=0x000000f165eff7d8 points into unknown readable memory: 30 4b 7a 7e fc 7f 00 00
RSI=0x0000000000110000 is an unknown value
RDI=0x0000000000000001 is an unknown value
R8 =0x000000f165eff588 points into unknown readable memory: 8d 1f 91 d5 fc 7f 00 00
R9 =0x0 is NULL
R10=0x0 is NULL
R11=0x000000f165eff640 points into unknown readable memory: d8 f7 ef 65 f1 00 00 00
R12=0x00007ffc7e7331c0 jvm.dll
R13=0x00007ffc7e9b77b0 jvm.dll
R14=0x0 is NULL
R15=0x00000000000003d8 is an unknown value


Registers:
RAX=0x000001ff24ec1fc0, RBX=0x000001ff25379b90, RCX=0x0000000000000008, RDX=0x0000000000000002
RSP=0x000000f165eff5d0, RBP=0x000000f165eff7d8, RSI=0x0000000000110000, RDI=0x0000000000000001
R8 =0x000000f165eff588, R9 =0x0000000000000000, R10=0x0000000000000000, R11=0x000000f165eff640
R12=0x00007ffc7e7331c0, R13=0x00007ffc7e9b77b0, R14=0x0000000000000000, R15=0x00000000000003d8
RIP=0x00007ffc7e4d3ebe, EFLAGS=0x0000000000010202

Top of Stack: (sp=0x000000f165eff5d0)
0x000000f165eff5d0:   00007ffc7e7a64a8 00007ffc7e3f807f
0x000000f165eff5e0:   000000f165eff640 00007ffc7e3e9f16
0x000000f165eff5f0:   00000000000003d8 0000000000000000
0x000000f165eff600:   00007ffc7e9b77b0 00007ffc7e7331c0
0x000000f165eff610:   000000f165eff7d8 00007ffc7e3e92a1
0x000000f165eff620:   0000000000000003 00007ffc7e3eb9f2
0x000000f165eff630:   0000000089d7b150 00007ffc7e7a64a8
0x000000f165eff640:   000000f165eff7d8 00007ffc7e0cbe0b
0x000000f165eff650:   00000008012286a8 000000008996f9a8
0x000000f165eff660:   0000000000000008 0000000000007fd8
0x000000f165eff670:   000001ff24ead4a0 00007ffc7e0cdc4e
0x000000f165eff680:   000001ff2590dc50 000000f165eff7d8
0x000000f165eff690:   00000000893372d8 0000000000000000
0x000000f165eff6a0:   000001ff2590d110 000001ff24ec7000
0x000000f165eff6b0:   000001ff24ead4a0 000001ff24ec7470
0x000000f165eff6c0:   000001ff24ec7480 000001ff24ec7558 

Instructions: (pc=0x00007ffc7e4d3ebe)
0x00007ffc7e4d3e9e:   8b 15 f0 8f 4e 00 65 48 8b 04 25 58 00 00 00 48
0x00007ffc7e4d3eae:   89 74 24 60 48 8b f1 b9 08 00 00 00 48 8b 04 d0
0x00007ffc7e4d3ebe:   83 be 30 01 00 00 00 48 8b 14 08 48 8b aa 68 02
0x00007ffc7e4d3ece:   00 00 4c 8b 75 10 4c 8b 7d 18 4c 8b 65 20 4c 8b 


Stack slot to memory mapping:
stack at sp + 0 slots: 0x00007ffc7e7a64a8 jvm.dll
stack at sp + 1 slots: 0x00007ffc7e3f807f jvm.dll
stack at sp + 2 slots: 0x000000f165eff640 points into unknown readable memory: d8 f7 ef 65 f1 00 00 00
stack at sp + 3 slots: 0x00007ffc7e3e9f16 jvm.dll
stack at sp + 4 slots: 0x00000000000003d8 is an unknown value
stack at sp + 5 slots: 0x0 is NULL
stack at sp + 6 slots: 0x00007ffc7e9b77b0 jvm.dll
stack at sp + 7 slots: 0x00007ffc7e7331c0 jvm.dll

VM_Operation (0x000000f1668ff210): RedefineClasses, mode: safepoint, requested by thread 0x000001ff25a7d800, redefining class br.ce.maquino.APIRest.TestAPI



---------------  P R O C E S S  ---------------

Threads class SMR info:
_java_thread_list=0x000001ff25bcfb90, length=14, elements={
0x000001ff0628d800, 0x000001ff24eca800, 0x000001ff24ecc000, 0x000001ff24ee3000,
0x000001ff24ee5000, 0x000001ff24ee8800, 0x000001ff24ef1000, 0x000001ff24efc800,
0x000001ff24eb1800, 0x000001ff25a7d800, 0x000001ff25a7e800, 0x000001ff259fb000,
0x000001ff26042000, 0x000001ff2650f800
}

Java Threads: ( => current thread )
  0x000001ff0628d800 JavaThread "main" [_thread_blocked, id=24516, stack(0x000000f165800000,0x000000f165900000)]
  0x000001ff24eca800 JavaThread "Reference Handler" daemon [_thread_blocked, id=21000, stack(0x000000f165f00000,0x000000f166000000)]
  0x000001ff24ecc000 JavaThread "Finalizer" daemon [_thread_blocked, id=32396, stack(0x000000f166000000,0x000000f166100000)]
  0x000001ff24ee3000 JavaThread "Signal Dispatcher" daemon [_thread_blocked, id=32620, stack(0x000000f166100000,0x000000f166200000)]
  0x000001ff24ee5000 JavaThread "Attach Listener" daemon [_thread_blocked, id=31508, stack(0x000000f166200000,0x000000f166300000)]
  0x000001ff24ee8800 JavaThread "C2 CompilerThread0" daemon [_thread_blocked, id=27640, stack(0x000000f166300000,0x000000f166400000)]
  0x000001ff24ef1000 JavaThread "C1 CompilerThread0" daemon [_thread_blocked, id=29088, stack(0x000000f166400000,0x000000f166500000)]
  0x000001ff24efc800 JavaThread "Sweeper thread" daemon [_thread_blocked, id=31324, stack(0x000000f166500000,0x000000f166600000)]
  0x000001ff24eb1800 JavaThread "Common-Cleaner" daemon [_thread_blocked, id=9164, stack(0x000000f166600000,0x000000f166700000)]
  0x000001ff25a7d800 JavaThread "JDWP Transport Listener: dt_socket" daemon [_thread_blocked, id=25700, stack(0x000000f166800000,0x000000f166900000)]
  0x000001ff25a7e800 JavaThread "JDWP Event Helper Thread" daemon [_thread_blocked, id=12988, stack(0x000000f166900000,0x000000f166a00000)]
  0x000001ff259fb000 JavaThread "JDWP Command Reader" daemon [_thread_in_native, id=24808, stack(0x000000f166a00000,0x000000f166b00000)]
  0x000001ff26042000 JavaThread "Service Thread" daemon [_thread_blocked, id=27448, stack(0x000000f166b00000,0x000000f166c00000)]
  0x000001ff2650f800 JavaThread "ReaderThread" [_thread_in_native, id=31724, stack(0x000000f166d00000,0x000000f166e00000)]

Other Threads:
=>0x000001ff24ec7000 VMThread "VM Thread" [stack: 0x000000f165e00000,0x000000f165f00000] [id=23348]
  0x000001ff260e2000 WatcherThread [stack: 0x000000f166c00000,0x000000f166d00000] [id=22736]
  0x000001ff062d0000 GCTaskThread "GC Thread#0" [stack: 0x000000f165900000,0x000000f165a00000] [id=12728]
  0x000001ff062dd800 ConcurrentGCThread "G1 Main Marker" [stack: 0x000000f165a00000,0x000000f165b00000] [id=32304]
  0x000001ff062e0000 ConcurrentGCThread "G1 Conc#0" [stack: 0x000000f165b00000,0x000000f165c00000] [id=31020]
  0x000001ff24d42800 ConcurrentGCThread "G1 Refine#0" [stack: 0x000000f165c00000,0x000000f165d00000] [id=27708]
  0x000001ff24d43000 ConcurrentGCThread "G1 Young RemSet Sampling" [stack: 0x000000f165d00000,0x000000f165e00000] [id=13600]

Threads with active compile tasks:

VM state:at safepoint (normal execution)

VM Mutex/Monitor currently owned by a thread:  ([mutex/lock_event])
[0x000001ff06289a40] Threads_lock - owner thread: 0x000001ff24ec7000

Heap address: 0x0000000082000000, size: 2016 MB, Compressed Oops mode: 32-bit
Narrow klass base: 0x0000000800000000, Narrow klass shift: 3
Compressed class space size: 1073741824 Address: 0x00000008011a0000

Heap:
 garbage-first heap   total 129024K, used 15360K [0x0000000082000000, 0x0000000100000000)
  region size 1024K, 17 young (17408K), 0 survivors (0K)
 Metaspace       used 4381K, capacity 5680K, committed 5760K, reserved 1056768K
  class space    used 438K, capacity 570K, committed 640K, reserved 1048576K
Heap Regions: E=young(eden), S=young(survivor), O=old, HS=humongous(starts), HC=humongous(continues), CS=collection set, F=free, A=archive, TAMS=top-at-mark-start (previous, next)
|   0|0x0000000082000000, 0x0000000082000000, 0x0000000082100000|  0%| F|  |TAMS 0x0000000082000000, 0x0000000082000000| Untracked 
|   1|0x0000000082100000, 0x0000000082100000, 0x0000000082200000|  0%| F|  |TAMS 0x0000000082100000, 0x0000000082100000| Untracked 
|   2|0x0000000082200000, 0x0000000082200000, 0x0000000082300000|  0%| F|  |TAMS 0x0000000082200000, 0x0000000082200000| Untracked 
|   3|0x0000000082300000, 0x0000000082300000, 0x0000000082400000|  0%| F|  |TAMS 0x0000000082300000, 0x0000000082300000| Untracked 
|   4|0x0000000082400000, 0x0000000082400000, 0x0000000082500000|  0%| F|  |TAMS 0x0000000082400000, 0x0000000082400000| Untracked 
|   5|0x0000000082500000, 0x0000000082500000, 0x0000000082600000|  0%| F|  |TAMS 0x0000000082500000, 0x0000000082500000| Untracked 
|   6|0x0000000082600000, 0x0000000082600000, 0x0000000082700000|  0%| F|  |TAMS 0x0000000082600000, 0x0000000082600000| Untracked 
|   7|0x0000000082700000, 0x0000000082700000, 0x0000000082800000|  0%| F|  |TAMS 0x0000000082700000, 0x0000000082700000| Untracked 
|   8|0x0000000082800000, 0x0000000082800000, 0x0000000082900000|  0%| F|  |TAMS 0x0000000082800000, 0x0000000082800000| Untracked 
|   9|0x0000000082900000, 0x0000000082900000, 0x0000000082a00000|  0%| F|  |TAMS 0x0000000082900000, 0x0000000082900000| Untracked 
|  10|0x0000000082a00000, 0x0000000082a00000, 0x0000000082b00000|  0%| F|  |TAMS 0x0000000082a00000, 0x0000000082a00000| Untracked 
|  11|0x0000000082b00000, 0x0000000082b00000, 0x0000000082c00000|  0%| F|  |TAMS 0x0000000082b00000, 0x0000000082b00000| Untracked 
|  12|0x0000000082c00000, 0x0000000082c00000, 0x0000000082d00000|  0%| F|  |TAMS 0x0000000082c00000, 0x0000000082c00000| Untracked 
|  13|0x0000000082d00000, 0x0000000082d00000, 0x0000000082e00000|  0%| F|  |TAMS 0x0000000082d00000, 0x0000000082d00000| Untracked 
|  14|0x0000000082e00000, 0x0000000082e00000, 0x0000000082f00000|  0%| F|  |TAMS 0x0000000082e00000, 0x0000000082e00000| Untracked 
|  15|0x0000000082f00000, 0x0000000082f00000, 0x0000000083000000|  0%| F|  |TAMS 0x0000000082f00000, 0x0000000082f00000| Untracked 
|  16|0x0000000083000000, 0x0000000083000000, 0x0000000083100000|  0%| F|  |TAMS 0x0000000083000000, 0x0000000083000000| Untracked 
|  17|0x0000000083100000, 0x0000000083100000, 0x0000000083200000|  0%| F|  |TAMS 0x0000000083100000, 0x0000000083100000| Untracked 
|  18|0x0000000083200000, 0x0000000083200000, 0x0000000083300000|  0%| F|  |TAMS 0x0000000083200000, 0x0000000083200000| Untracked 
|  19|0x0000000083300000, 0x0000000083300000, 0x0000000083400000|  0%| F|  |TAMS 0x0000000083300000, 0x0000000083300000| Untracked 
|  20|0x0000000083400000, 0x0000000083400000, 0x0000000083500000|  0%| F|  |TAMS 0x0000000083400000, 0x0000000083400000| Untracked 
|  21|0x0000000083500000, 0x0000000083500000, 0x0000000083600000|  0%| F|  |TAMS 0x0000000083500000, 0x0000000083500000| Untracked 
|  22|0x0000000083600000, 0x0000000083600000, 0x0000000083700000|  0%| F|  |TAMS 0x0000000083600000, 0x0000000083600000| Untracked 
|  23|0x0000000083700000, 0x0000000083700000, 0x0000000083800000|  0%| F|  |TAMS 0x0000000083700000, 0x0000000083700000| Untracked 
|  24|0x0000000083800000, 0x0000000083800000, 0x0000000083900000|  0%| F|  |TAMS 0x0000000083800000, 0x0000000083800000| Untracked 
|  25|0x0000000083900000, 0x0000000083900000, 0x0000000083a00000|  0%| F|  |TAMS 0x0000000083900000, 0x0000000083900000| Untracked 
|  26|0x0000000083a00000, 0x0000000083a00000, 0x0000000083b00000|  0%| F|  |TAMS 0x0000000083a00000, 0x0000000083a00000| Untracked 
|  27|0x0000000083b00000, 0x0000000083b00000, 0x0000000083c00000|  0%| F|  |TAMS 0x0000000083b00000, 0x0000000083b00000| Untracked 
|  28|0x0000000083c00000, 0x0000000083c00000, 0x0000000083d00000|  0%| F|  |TAMS 0x0000000083c00000, 0x0000000083c00000| Untracked 
|  29|0x0000000083d00000, 0x0000000083d00000, 0x0000000083e00000|  0%| F|  |TAMS 0x0000000083d00000, 0x0000000083d00000| Untracked 
|  30|0x0000000083e00000, 0x0000000083e00000, 0x0000000083f00000|  0%| F|  |TAMS 0x0000000083e00000, 0x0000000083e00000| Untracked 
|  31|0x0000000083f00000, 0x0000000083f00000, 0x0000000084000000|  0%| F|  |TAMS 0x0000000083f00000, 0x0000000083f00000| Untracked 
|  32|0x0000000084000000, 0x0000000084000000, 0x0000000084100000|  0%| F|  |TAMS 0x0000000084000000, 0x0000000084000000| Untracked 
|  33|0x0000000084100000, 0x0000000084100000, 0x0000000084200000|  0%| F|  |TAMS 0x0000000084100000, 0x0000000084100000| Untracked 
|  34|0x0000000084200000, 0x0000000084200000, 0x0000000084300000|  0%| F|  |TAMS 0x0000000084200000, 0x0000000084200000| Untracked 
|  35|0x0000000084300000, 0x0000000084300000, 0x0000000084400000|  0%| F|  |TAMS 0x0000000084300000, 0x0000000084300000| Untracked 
|  36|0x0000000084400000, 0x0000000084400000, 0x0000000084500000|  0%| F|  |TAMS 0x0000000084400000, 0x0000000084400000| Untracked 
|  37|0x0000000084500000, 0x0000000084500000, 0x0000000084600000|  0%| F|  |TAMS 0x0000000084500000, 0x0000000084500000| Untracked 
|  38|0x0000000084600000, 0x0000000084600000, 0x0000000084700000|  0%| F|  |TAMS 0x0000000084600000, 0x0000000084600000| Untracked 
|  39|0x0000000084700000, 0x0000000084700000, 0x0000000084800000|  0%| F|  |TAMS 0x0000000084700000, 0x0000000084700000| Untracked 
|  40|0x0000000084800000, 0x0000000084800000, 0x0000000084900000|  0%| F|  |TAMS 0x0000000084800000, 0x0000000084800000| Untracked 
|  41|0x0000000084900000, 0x0000000084900000, 0x0000000084a00000|  0%| F|  |TAMS 0x0000000084900000, 0x0000000084900000| Untracked 
|  42|0x0000000084a00000, 0x0000000084a00000, 0x0000000084b00000|  0%| F|  |TAMS 0x0000000084a00000, 0x0000000084a00000| Untracked 
|  43|0x0000000084b00000, 0x0000000084b00000, 0x0000000084c00000|  0%| F|  |TAMS 0x0000000084b00000, 0x0000000084b00000| Untracked 
|  44|0x0000000084c00000, 0x0000000084c00000, 0x0000000084d00000|  0%| F|  |TAMS 0x0000000084c00000, 0x0000000084c00000| Untracked 
|  45|0x0000000084d00000, 0x0000000084d00000, 0x0000000084e00000|  0%| F|  |TAMS 0x0000000084d00000, 0x0000000084d00000| Untracked 
|  46|0x0000000084e00000, 0x0000000084e00000, 0x0000000084f00000|  0%| F|  |TAMS 0x0000000084e00000, 0x0000000084e00000| Untracked 
|  47|0x0000000084f00000, 0x0000000084f00000, 0x0000000085000000|  0%| F|  |TAMS 0x0000000084f00000, 0x0000000084f00000| Untracked 
|  48|0x0000000085000000, 0x0000000085000000, 0x0000000085100000|  0%| F|  |TAMS 0x0000000085000000, 0x0000000085000000| Untracked 
|  49|0x0000000085100000, 0x0000000085100000, 0x0000000085200000|  0%| F|  |TAMS 0x0000000085100000, 0x0000000085100000| Untracked 
|  50|0x0000000085200000, 0x0000000085200000, 0x0000000085300000|  0%| F|  |TAMS 0x0000000085200000, 0x0000000085200000| Untracked 
|  51|0x0000000085300000, 0x0000000085300000, 0x0000000085400000|  0%| F|  |TAMS 0x0000000085300000, 0x0000000085300000| Untracked 
|  52|0x0000000085400000, 0x0000000085400000, 0x0000000085500000|  0%| F|  |TAMS 0x0000000085400000, 0x0000000085400000| Untracked 
|  53|0x0000000085500000, 0x0000000085500000, 0x0000000085600000|  0%| F|  |TAMS 0x0000000085500000, 0x0000000085500000| Untracked 
|  54|0x0000000085600000, 0x0000000085600000, 0x0000000085700000|  0%| F|  |TAMS 0x0000000085600000, 0x0000000085600000| Untracked 
|  55|0x0000000085700000, 0x0000000085700000, 0x0000000085800000|  0%| F|  |TAMS 0x0000000085700000, 0x0000000085700000| Untracked 
|  56|0x0000000085800000, 0x0000000085800000, 0x0000000085900000|  0%| F|  |TAMS 0x0000000085800000, 0x0000000085800000| Untracked 
|  57|0x0000000085900000, 0x0000000085900000, 0x0000000085a00000|  0%| F|  |TAMS 0x0000000085900000, 0x0000000085900000| Untracked 
|  58|0x0000000085a00000, 0x0000000085a00000, 0x0000000085b00000|  0%| F|  |TAMS 0x0000000085a00000, 0x0000000085a00000| Untracked 
|  59|0x0000000085b00000, 0x0000000085b00000, 0x0000000085c00000|  0%| F|  |TAMS 0x0000000085b00000, 0x0000000085b00000| Untracked 
|  60|0x0000000085c00000, 0x0000000085c00000, 0x0000000085d00000|  0%| F|  |TAMS 0x0000000085c00000, 0x0000000085c00000| Untracked 
|  61|0x0000000085d00000, 0x0000000085d00000, 0x0000000085e00000|  0%| F|  |TAMS 0x0000000085d00000, 0x0000000085d00000| Untracked 
|  62|0x0000000085e00000, 0x0000000085e00000, 0x0000000085f00000|  0%| F|  |TAMS 0x0000000085e00000, 0x0000000085e00000| Untracked 
|  63|0x0000000085f00000, 0x0000000085f00000, 0x0000000086000000|  0%| F|  |TAMS 0x0000000085f00000, 0x0000000085f00000| Untracked 
|  64|0x0000000086000000, 0x0000000086000000, 0x0000000086100000|  0%| F|  |TAMS 0x0000000086000000, 0x0000000086000000| Untracked 
|  65|0x0000000086100000, 0x0000000086100000, 0x0000000086200000|  0%| F|  |TAMS 0x0000000086100000, 0x0000000086100000| Untracked 
|  66|0x0000000086200000, 0x0000000086200000, 0x0000000086300000|  0%| F|  |TAMS 0x0000000086200000, 0x0000000086200000| Untracked 
|  67|0x0000000086300000, 0x0000000086300000, 0x0000000086400000|  0%| F|  |TAMS 0x0000000086300000, 0x0000000086300000| Untracked 
|  68|0x0000000086400000, 0x0000000086400000, 0x0000000086500000|  0%| F|  |TAMS 0x0000000086400000, 0x0000000086400000| Untracked 
|  69|0x0000000086500000, 0x0000000086500000, 0x0000000086600000|  0%| F|  |TAMS 0x0000000086500000, 0x0000000086500000| Untracked 
|  70|0x0000000086600000, 0x0000000086600000, 0x0000000086700000|  0%| F|  |TAMS 0x0000000086600000, 0x0000000086600000| Untracked 
|  71|0x0000000086700000, 0x0000000086700000, 0x0000000086800000|  0%| F|  |TAMS 0x0000000086700000, 0x0000000086700000| Untracked 
|  72|0x0000000086800000, 0x0000000086800000, 0x0000000086900000|  0%| F|  |TAMS 0x0000000086800000, 0x0000000086800000| Untracked 
|  73|0x0000000086900000, 0x0000000086900000, 0x0000000086a00000|  0%| F|  |TAMS 0x0000000086900000, 0x0000000086900000| Untracked 
|  74|0x0000000086a00000, 0x0000000086a00000, 0x0000000086b00000|  0%| F|  |TAMS 0x0000000086a00000, 0x0000000086a00000| Untracked 
|  75|0x0000000086b00000, 0x0000000086b00000, 0x0000000086c00000|  0%| F|  |TAMS 0x0000000086b00000, 0x0000000086b00000| Untracked 
|  76|0x0000000086c00000, 0x0000000086c00000, 0x0000000086d00000|  0%| F|  |TAMS 0x0000000086c00000, 0x0000000086c00000| Untracked 
|  77|0x0000000086d00000, 0x0000000086d00000, 0x0000000086e00000|  0%| F|  |TAMS 0x0000000086d00000, 0x0000000086d00000| Untracked 
|  78|0x0000000086e00000, 0x0000000086e00000, 0x0000000086f00000|  0%| F|  |TAMS 0x0000000086e00000, 0x0000000086e00000| Untracked 
|  79|0x0000000086f00000, 0x0000000086f00000, 0x0000000087000000|  0%| F|  |TAMS 0x0000000086f00000, 0x0000000086f00000| Untracked 
|  80|0x0000000087000000, 0x0000000087000000, 0x0000000087100000|  0%| F|  |TAMS 0x0000000087000000, 0x0000000087000000| Untracked 
|  81|0x0000000087100000, 0x0000000087100000, 0x0000000087200000|  0%| F|  |TAMS 0x0000000087100000, 0x0000000087100000| Untracked 
|  82|0x0000000087200000, 0x0000000087200000, 0x0000000087300000|  0%| F|  |TAMS 0x0000000087200000, 0x0000000087200000| Untracked 
|  83|0x0000000087300000, 0x0000000087300000, 0x0000000087400000|  0%| F|  |TAMS 0x0000000087300000, 0x0000000087300000| Untracked 
|  84|0x0000000087400000, 0x0000000087400000, 0x0000000087500000|  0%| F|  |TAMS 0x0000000087400000, 0x0000000087400000| Untracked 
|  85|0x0000000087500000, 0x0000000087500000, 0x0000000087600000|  0%| F|  |TAMS 0x0000000087500000, 0x0000000087500000| Untracked 
|  86|0x0000000087600000, 0x0000000087600000, 0x0000000087700000|  0%| F|  |TAMS 0x0000000087600000, 0x0000000087600000| Untracked 
|  87|0x0000000087700000, 0x0000000087700000, 0x0000000087800000|  0%| F|  |TAMS 0x0000000087700000, 0x0000000087700000| Untracked 
|  88|0x0000000087800000, 0x0000000087800000, 0x0000000087900000|  0%| F|  |TAMS 0x0000000087800000, 0x0000000087800000| Untracked 
|  89|0x0000000087900000, 0x0000000087900000, 0x0000000087a00000|  0%| F|  |TAMS 0x0000000087900000, 0x0000000087900000| Untracked 
|  90|0x0000000087a00000, 0x0000000087a00000, 0x0000000087b00000|  0%| F|  |TAMS 0x0000000087a00000, 0x0000000087a00000| Untracked 
|  91|0x0000000087b00000, 0x0000000087b00000, 0x0000000087c00000|  0%| F|  |TAMS 0x0000000087b00000, 0x0000000087b00000| Untracked 
|  92|0x0000000087c00000, 0x0000000087c00000, 0x0000000087d00000|  0%| F|  |TAMS 0x0000000087c00000, 0x0000000087c00000| Untracked 
|  93|0x0000000087d00000, 0x0000000087d00000, 0x0000000087e00000|  0%| F|  |TAMS 0x0000000087d00000, 0x0000000087d00000| Untracked 
|  94|0x0000000087e00000, 0x0000000087e00000, 0x0000000087f00000|  0%| F|  |TAMS 0x0000000087e00000, 0x0000000087e00000| Untracked 
|  95|0x0000000087f00000, 0x0000000087f00000, 0x0000000088000000|  0%| F|  |TAMS 0x0000000087f00000, 0x0000000087f00000| Untracked 
|  96|0x0000000088000000, 0x0000000088000000, 0x0000000088100000|  0%| F|  |TAMS 0x0000000088000000, 0x0000000088000000| Untracked 
|  97|0x0000000088100000, 0x0000000088100000, 0x0000000088200000|  0%| F|  |TAMS 0x0000000088100000, 0x0000000088100000| Untracked 
|  98|0x0000000088200000, 0x0000000088200000, 0x0000000088300000|  0%| F|  |TAMS 0x0000000088200000, 0x0000000088200000| Untracked 
|  99|0x0000000088300000, 0x0000000088300000, 0x0000000088400000|  0%| F|  |TAMS 0x0000000088300000, 0x0000000088300000| Untracked 
| 100|0x0000000088400000, 0x0000000088400000, 0x0000000088500000|  0%| F|  |TAMS 0x0000000088400000, 0x0000000088400000| Untracked 
| 101|0x0000000088500000, 0x0000000088500000, 0x0000000088600000|  0%| F|  |TAMS 0x0000000088500000, 0x0000000088500000| Untracked 
| 102|0x0000000088600000, 0x0000000088600000, 0x0000000088700000|  0%| F|  |TAMS 0x0000000088600000, 0x0000000088600000| Untracked 
| 103|0x0000000088700000, 0x0000000088700000, 0x0000000088800000|  0%| F|  |TAMS 0x0000000088700000, 0x0000000088700000| Untracked 
| 104|0x0000000088800000, 0x0000000088800000, 0x0000000088900000|  0%| F|  |TAMS 0x0000000088800000, 0x0000000088800000| Untracked 
| 105|0x0000000088900000, 0x0000000088900000, 0x0000000088a00000|  0%| F|  |TAMS 0x0000000088900000, 0x0000000088900000| Untracked 
| 106|0x0000000088a00000, 0x0000000088a00000, 0x0000000088b00000|  0%| F|  |TAMS 0x0000000088a00000, 0x0000000088a00000| Untracked 
| 107|0x0000000088b00000, 0x0000000088b00000, 0x0000000088c00000|  0%| F|  |TAMS 0x0000000088b00000, 0x0000000088b00000| Untracked 
| 108|0x0000000088c00000, 0x0000000088c00000, 0x0000000088d00000|  0%| F|  |TAMS 0x0000000088c00000, 0x0000000088c00000| Untracked 
| 109|0x0000000088d00000, 0x0000000088d7b648, 0x0000000088e00000| 48%| E|  |TAMS 0x0000000088d00000, 0x0000000088d00000| Complete 
| 110|0x0000000088e00000, 0x0000000088f00000, 0x0000000088f00000|100%| E|CS|TAMS 0x0000000088e00000, 0x0000000088e00000| Complete 
| 111|0x0000000088f00000, 0x0000000089000000, 0x0000000089000000|100%| E|CS|TAMS 0x0000000088f00000, 0x0000000088f00000| Complete 
| 112|0x0000000089000000, 0x0000000089100000, 0x0000000089100000|100%| E|CS|TAMS 0x0000000089000000, 0x0000000089000000| Complete 
| 113|0x0000000089100000, 0x0000000089200000, 0x0000000089200000|100%| E|CS|TAMS 0x0000000089100000, 0x0000000089100000| Complete 
| 114|0x0000000089200000, 0x0000000089300000, 0x0000000089300000|100%| E|CS|TAMS 0x0000000089200000, 0x0000000089200000| Complete 
| 115|0x0000000089300000, 0x0000000089400000, 0x0000000089400000|100%| E|CS|TAMS 0x0000000089300000, 0x0000000089300000| Complete 
| 116|0x0000000089400000, 0x0000000089500000, 0x0000000089500000|100%| E|CS|TAMS 0x0000000089400000, 0x0000000089400000| Complete 
| 117|0x0000000089500000, 0x0000000089600000, 0x0000000089600000|100%| E|CS|TAMS 0x0000000089500000, 0x0000000089500000| Complete 
| 118|0x0000000089600000, 0x0000000089700000, 0x0000000089700000|100%| E|CS|TAMS 0x0000000089600000, 0x0000000089600000| Complete 
| 119|0x0000000089700000, 0x0000000089800000, 0x0000000089800000|100%| E|CS|TAMS 0x0000000089700000, 0x0000000089700000| Complete 
| 120|0x0000000089800000, 0x0000000089900000, 0x0000000089900000|100%| E|CS|TAMS 0x0000000089800000, 0x0000000089800000| Complete 
| 121|0x0000000089900000, 0x0000000089a00000, 0x0000000089a00000|100%| E|CS|TAMS 0x0000000089900000, 0x0000000089900000| Complete 
| 122|0x0000000089a00000, 0x0000000089b00000, 0x0000000089b00000|100%| E|  |TAMS 0x0000000089a00000, 0x0000000089a00000| Complete 
| 123|0x0000000089b00000, 0x0000000089c00000, 0x0000000089c00000|100%| E|CS|TAMS 0x0000000089b00000, 0x0000000089b00000| Complete 
| 124|0x0000000089c00000, 0x0000000089d00000, 0x0000000089d00000|100%| E|CS|TAMS 0x0000000089c00000, 0x0000000089c00000| Complete 
| 125|0x0000000089d00000, 0x0000000089e00000, 0x0000000089e00000|100%| E|CS|TAMS 0x0000000089d00000, 0x0000000089d00000| Complete 

Card table byte_map: [0x000001ff1ddb0000,0x000001ff1e1a0000] _byte_map_base: 0x000001ff1d9a0000

Marking Bits (Prev, Next): (CMBitMap*) 0x000001ff062d0b88, (CMBitMap*) 0x000001ff062d0bc8
 Prev Bits: [0x000001ff1e590000, 0x000001ff20510000)
 Next Bits: [0x000001ff20510000, 0x000001ff22490000)

Polling page: 0x000001ff041e0000

Metaspace:

Usage:
  Non-class:      4.99 MB capacity,     3.85 MB ( 77%) used,     1.13 MB ( 23%) free+waste,     7.00 KB ( <1%) overhead. 
      Class:    570.00 KB capacity,   438.26 KB ( 77%) used,   128.12 KB ( 22%) free+waste,     3.63 KB ( <1%) overhead. 
       Both:      5.55 MB capacity,     4.28 MB ( 77%) used,     1.26 MB ( 23%) free+waste,    10.63 KB ( <1%) overhead. 

Virtual space:
  Non-class space:        8.00 MB reserved,       5.00 MB ( 63%) committed 
      Class space:        1.00 GB reserved,     640.00 KB ( <1%) committed 
             Both:        1.01 GB reserved,       5.63 MB ( <1%) committed 

Chunk freelists:
   Non-Class:  1.25 KB
       Class:  768 bytes
        Both:  2.00 KB

CodeHeap 'non-profiled nmethods': size=120000Kb used=316Kb max_used=316Kb free=119683Kb
 bounds [0x000001ff16160000, 0x000001ff163d0000, 0x000001ff1d690000]
CodeHeap 'profiled nmethods': size=120000Kb used=1533Kb max_used=1533Kb free=118466Kb
 bounds [0x000001ff0ec30000, 0x000001ff0eea0000, 0x000001ff16160000]
CodeHeap 'non-nmethods': size=5760Kb used=1176Kb max_used=1204Kb free=4583Kb
 bounds [0x000001ff0e690000, 0x000001ff0e900000, 0x000001ff0ec30000]
 total_blobs=1413 nmethods=790 adapters=300
 compilation: enabled
              stopped_count=0, restarted_count=0
 full_count=0

Compilation events (10 events):
Event: 0.957 Thread 0x000001ff24ef1000 nmethod 786 0x000001ff0eda8490 code [0x000001ff0eda8660, 0x000001ff0eda8830]
Event: 0.957 Thread 0x000001ff24ef1000  789       3       java.util.WeakHashMap::remove (133 bytes)
Event: 0.958 Thread 0x000001ff24ef1000 nmethod 789 0x000001ff0eda8910 code [0x000001ff0eda8b60, 0x000001ff0eda9730]
Event: 0.959 Thread 0x000001ff24ef1000  787   !   3       java.util.zip.ZipFile$ZipFileInputStream::close (59 bytes)
Event: 0.959 Thread 0x000001ff24ef1000 nmethod 787 0x000001ff0eda9b90 code [0x000001ff0eda9d80, 0x000001ff0edaa270]
Event: 0.959 Thread 0x000001ff24ef1000  790   !   3       java.util.concurrent.ConcurrentHashMap::computeIfAbsent (576 bytes)
Event: 0.963 Thread 0x000001ff24ef1000 nmethod 790 0x000001ff0edaa490 code [0x000001ff0edaa920, 0x000001ff0edadb50]
Event: 0.963 Thread 0x000001ff24ef1000  788       3       java.util.Collections$SetFromMap::remove (19 bytes)
Event: 0.964 Thread 0x000001ff24ef1000 nmethod 788 0x000001ff0edaef10 code [0x000001ff0edaf0e0, 0x000001ff0edaf3b0]
Event: 0.973 Thread 0x000001ff24ee8800 nmethod 766 0x000001ff161ad910 code [0x000001ff161adb00, 0x000001ff161ae9f8]

GC Heap History (0 events):
No events

Deoptimization events (9 events):
Event: 0.511 Thread 0x000001ff0628d800 Uncommon trap: reason=class_check action=maybe_recompile pc=0x000001ff1616e658 method=java.util.HashMap.putVal(ILjava/lang/Object;Ljava/lang/Object;ZZ)Ljava/lang/Object; @ 152 c2
Event: 0.511 Thread 0x000001ff0628d800 Uncommon trap: reason=class_check action=maybe_recompile pc=0x000001ff1616e658 method=java.util.HashMap.putVal(ILjava/lang/Object;Ljava/lang/Object;ZZ)Ljava/lang/Object; @ 152 c2
Event: 0.511 Thread 0x000001ff0628d800 Uncommon trap: reason=class_check action=maybe_recompile pc=0x000001ff1616e658 method=java.util.HashMap.putVal(ILjava/lang/Object;Ljava/lang/Object;ZZ)Ljava/lang/Object; @ 152 c2
Event: 0.511 Thread 0x000001ff0628d800 Uncommon trap: reason=class_check action=maybe_recompile pc=0x000001ff1616e658 method=java.util.HashMap.putVal(ILjava/lang/Object;Ljava/lang/Object;ZZ)Ljava/lang/Object; @ 152 c2
Event: 0.535 Thread 0x000001ff0628d800 Uncommon trap: reason=unstable_if action=reinterpret pc=0x000001ff16176460 method=java.util.HashMap.putVal(ILjava/lang/Object;Ljava/lang/Object;ZZ)Ljava/lang/Object; @ 181 c2
Event: 0.641 Thread 0x000001ff0628d800 Uncommon trap: reason=unstable_if action=reinterpret pc=0x000001ff16164fa8 method=java.lang.String.isLatin1()Z @ 10 c2
Event: 0.921 Thread 0x000001ff0628d800 Uncommon trap: reason=unstable_if action=reinterpret pc=0x000001ff161928f8 method=org.eclipse.jdt.launching.internal.org.objectweb.asm.ClassReader.readUtf(II[C)Ljava/lang/String; @ 41 c2
Event: 0.921 Thread 0x000001ff0628d800 Uncommon trap: reason=unstable_if action=reinterpret pc=0x000001ff1616845c method=java.lang.String.isLatin1()Z @ 10 c2
Event: 0.921 Thread 0x000001ff0628d800 Uncommon trap: reason=unstable_if action=reinterpret pc=0x000001ff1616f40c method=java.lang.String.isLatin1()Z @ 10 c2

Classes redefined (3 events):
Event: 143.806 Thread 0x000001ff24ec7000 redefined class name=br.ce.maquino.APIRest.TestAPI, count=1
Event: 1017.116 Thread 0x000001ff24ec7000 redefined class name=br.ce.maquino.APIRest.TestAPI, count=2
Event: 1137.777 Thread 0x000001ff24ec7000 redefined class name=br.ce.maquino.APIRest.TestAPI, count=3

Internal exceptions (2 events):
Event: 0.875 Thread 0x000001ff0628d800 Exception <a 'java/lang/IncompatibleClassChangeError'{0x0000000089170718}: Found class java.lang.Object, but interface was expected> (0x0000000089170718) thrown at [t:/workspace/open/src/hotspot/share/interpreter/linkResolver.cpp, line 843]
Event: 0.908 Thread 0x000001ff0628d800 Exception <a 'java/lang/NoSuchMethodError'{0x00000000890d3a60}: java.lang.invoke.DirectMethodHandle$Holder.invokeSpecialIFC(Ljava/lang/Object;Ljava/lang/Object;I)I> (0x00000000890d3a60) thrown at [t:/workspace/open/src/hotspot/share/interpreter/linkResolv

Events (10 events):
Event: 1017.213 Executing VM operation: GetFrameCount done
Event: 1017.213 Executing VM operation: GetStackTrace
Event: 1017.213 Executing VM operation: GetStackTrace done
Event: 1018.463 Executing VM operation: GetFrameCount
Event: 1018.463 Executing VM operation: GetFrameCount done
Event: 1018.464 Executing VM operation: GetOwnedMonitorInfo
Event: 1018.464 Executing VM operation: GetOwnedMonitorInfo done
Event: 1018.465 Executing VM operation: GetCurrentContendedMonitor
Event: 1018.465 Executing VM operation: GetCurrentContendedMonitor done
Event: 1137.769 Executing VM operation: RedefineClasses


Dynamic libraries:
0x00007ff6ad780000 - 0x00007ff6ad78f000 	C:\Program Files\Java\jdk-12.0.1\bin\javaw.exe
0x00007ffcd7c50000 - 0x00007ffcd7e45000 	C:\WINDOWS\SYSTEM32\ntdll.dll
0x00007ffcd6e00000 - 0x00007ffcd6ebd000 	C:\WINDOWS\System32\KERNEL32.DLL
0x00007ffcd58b0000 - 0x00007ffcd5b78000 	C:\WINDOWS\System32\KERNELBASE.dll
0x00007ffcd0750000 - 0x00007ffcd07e0000 	C:\WINDOWS\SYSTEM32\apphelp.dll
0x00007ffcd5bb0000 - 0x00007ffcd5cb0000 	C:\WINDOWS\System32\ucrtbase.dll
0x00007ffcd1810000 - 0x00007ffcd1828000 	C:\Program Files\Java\jdk-12.0.1\bin\jli.dll
0x00007ffcd1790000 - 0x00007ffcd17a6000 	C:\Program Files\Java\jdk-12.0.1\bin\VCRUNTIME140.dll
0x00007ffcd5d20000 - 0x00007ffcd5dcc000 	C:\WINDOWS\System32\ADVAPI32.dll
0x00007ffcd6f20000 - 0x00007ffcd6fbe000 	C:\WINDOWS\System32\msvcrt.dll
0x00007ffcd70e0000 - 0x00007ffcd717b000 	C:\WINDOWS\System32\sechost.dll
0x00007ffcd6c70000 - 0x00007ffcd6d9b000 	C:\WINDOWS\System32\RPCRT4.dll
0x00007ffcd6860000 - 0x00007ffcd6a00000 	C:\WINDOWS\System32\USER32.dll
0x00007ffcd5620000 - 0x00007ffcd5642000 	C:\WINDOWS\System32\win32u.dll
0x00007ffcd6520000 - 0x00007ffcd654a000 	C:\WINDOWS\System32\GDI32.dll
0x00007ffccb680000 - 0x00007ffccb91a000 	C:\WINDOWS\WinSxS\amd64_microsoft.windows.common-controls_6595b64144ccf1df_6.0.19041.844_none_ca00b6081b84eb1d\COMCTL32.dll
0x00007ffcd5650000 - 0x00007ffcd575b000 	C:\WINDOWS\System32\gdi32full.dll
0x00007ffcd5810000 - 0x00007ffcd58ad000 	C:\WINDOWS\System32\msvcp_win.dll
0x00007ffccc530000 - 0x00007ffccc53a000 	C:\WINDOWS\SYSTEM32\VERSION.dll
0x00007ffcd7180000 - 0x00007ffcd71b0000 	C:\WINDOWS\System32\IMM32.DLL
0x00007ffcc4840000 - 0x00007ffcc48ea000 	C:\Program Files\Java\jdk-12.0.1\bin\msvcp140.dll
0x00007ffc7dee0000 - 0x00007ffc7ea54000 	C:\Program Files\Java\jdk-12.0.1\bin\server\jvm.dll
0x00007ffcd5cb0000 - 0x00007ffcd5cb8000 	C:\WINDOWS\System32\PSAPI.DLL
0x00007ffcca8e0000 - 0x00007ffcca907000 	C:\WINDOWS\SYSTEM32\WINMM.dll
0x00007ffcc81d0000 - 0x00007ffcc81d9000 	C:\WINDOWS\SYSTEM32\WSOCK32.dll
0x00007ffcd7070000 - 0x00007ffcd70db000 	C:\WINDOWS\System32\WS2_32.dll
0x00007ffcd3f40000 - 0x00007ffcd3f52000 	C:\WINDOWS\SYSTEM32\kernel.appcore.dll
0x00007ffcd1770000 - 0x00007ffcd1781000 	C:\Program Files\Java\jdk-12.0.1\bin\verify.dll
0x00007ffcd39f0000 - 0x00007ffcd3bd4000 	C:\WINDOWS\SYSTEM32\DBGHELP.DLL
0x00007ffccc3c0000 - 0x00007ffccc3ec000 	C:\WINDOWS\SYSTEM32\dbgcore.DLL
0x00007ffcd55a0000 - 0x00007ffcd5620000 	C:\WINDOWS\System32\bcryptPrimitives.dll
0x00007ffcd0000000 - 0x00007ffcd0026000 	C:\Program Files\Java\jdk-12.0.1\bin\java.dll
0x00007ffca68b0000 - 0x00007ffca68e8000 	C:\Program Files\Java\jdk-12.0.1\bin\jdwp.dll
0x00007ffccbd90000 - 0x00007ffccbd9e000 	C:\Program Files\Java\jdk-12.0.1\bin\instrument.dll
0x00007ffcd1020000 - 0x00007ffcd1037000 	C:\Program Files\Java\jdk-12.0.1\bin\zip.dll
0x00007ffcd1750000 - 0x00007ffcd175a000 	C:\Program Files\Java\jdk-12.0.1\bin\jimage.dll
0x00007ffcd5dd0000 - 0x00007ffcd6512000 	C:\WINDOWS\System32\SHELL32.dll
0x00007ffcd3110000 - 0x00007ffcd38a0000 	C:\WINDOWS\SYSTEM32\windows.storage.dll
0x00007ffcd77a0000 - 0x00007ffcd7af5000 	C:\WINDOWS\System32\combase.dll
0x00007ffcd4e00000 - 0x00007ffcd4e2c000 	C:\WINDOWS\SYSTEM32\Wldp.dll
0x00007ffcd6a00000 - 0x00007ffcd6aae000 	C:\WINDOWS\System32\SHCORE.dll
0x00007ffcd6ec0000 - 0x00007ffcd6f15000 	C:\WINDOWS\System32\shlwapi.dll
0x00007ffcd52d0000 - 0x00007ffcd52ef000 	C:\WINDOWS\SYSTEM32\profapi.dll
0x00007ffcc9d30000 - 0x00007ffcc9d3a000 	C:\Program Files\Java\jdk-12.0.1\bin\dt_socket.dll
0x00007ffcd4b70000 - 0x00007ffcd4bda000 	C:\WINDOWS\System32\mswsock.dll
0x00007ffcd4850000 - 0x00007ffcd491c000 	C:\WINDOWS\SYSTEM32\DNSAPI.dll
0x00007ffcd4810000 - 0x00007ffcd484b000 	C:\WINDOWS\SYSTEM32\IPHLPAPI.DLL
0x00007ffcd6c60000 - 0x00007ffcd6c68000 	C:\WINDOWS\System32\NSI.dll
0x00007ffccb2c0000 - 0x00007ffccb33f000 	C:\WINDOWS\System32\fwpuclnt.dll
0x00007ffcd5b80000 - 0x00007ffcd5ba7000 	C:\WINDOWS\System32\bcrypt.dll
0x00007ffccb2b0000 - 0x00007ffccb2ba000 	C:\Windows\System32\rasadhlp.dll
0x00007ffccffd0000 - 0x00007ffccffe9000 	C:\Program Files\Java\jdk-12.0.1\bin\net.dll
0x00007ffccba10000 - 0x00007ffccbb1b000 	C:\WINDOWS\SYSTEM32\WINHTTP.dll
0x00007ffcc6e20000 - 0x00007ffcc700e000 	C:\WINDOWS\SYSTEM32\urlmon.dll
0x00007ffcc4de0000 - 0x00007ffcc5090000 	C:\WINDOWS\SYSTEM32\iertutil.dll
0x00007ffccffb0000 - 0x00007ffccffc3000 	C:\Program Files\Java\jdk-12.0.1\bin\nio.dll

dbghelp: loaded successfully - version: 4.0.5 - missing functions: none
symbol engine: initialized successfully - sym options: 0x614 - pdb path: .;C:\Program Files\Java\jdk-12.0.1\bin;C:\WINDOWS\SYSTEM32;C:\WINDOWS\WinSxS\amd64_microsoft.windows.common-controls_6595b64144ccf1df_6.0.19041.844_none_ca00b6081b84eb1d;C:\Program Files\Java\jdk-12.0.1\bin\server

VM Arguments:
jvm_args: -agentlib:jdwp=transport=dt_socket,suspend=y,address=localhost:49277 -ea -javaagent:C:\Users\miche\eclipse\java-2021-03\eclipse\configuration\org.eclipse.osgi\222\0\.cp\lib\javaagent-shaded.jar -Dfile.encoding=Cp1252 
java_command: org.eclipse.jdt.internal.junit.runner.RemoteTestRunner -version 3 -port 49276 -testLoaderClass org.eclipse.jdt.internal.junit4.runner.JUnit4TestLoader -loaderpluginname org.eclipse.jdt.junit4.runtime -classNames br.ce.maquino.APIRest.TestAPI
java_class_path (initial): C:\Users\miche\eclipse-workspace\Desafio\target\test-classes;C:\Users\miche\eclipse-workspace\Desafio\target\classes;C:\Users\miche\.m2\repository\org\hamcrest\hamcrest-all\1.3\hamcrest-all-1.3.jar;C:\Users\miche\.m2\repository\io\rest-assured\rest-assured\4.4.0\rest-assured-4.4.0.jar;C:\Users\miche\.m2\repository\org\codehaus\groovy\groovy\3.0.8\groovy-3.0.8.jar;C:\Users\miche\.m2\repository\org\codehaus\groovy\groovy-xml\3.0.8\groovy-xml-3.0.8.jar;C:\Users\miche\.m2\repository\org\apache\httpcomponents\httpclient\4.5.13\httpclient-4.5.13.jar;C:\Users\miche\.m2\repository\org\apache\httpcomponents\httpcore\4.4.13\httpcore-4.4.13.jar;C:\Users\miche\.m2\repository\commons-logging\commons-logging\1.2\commons-logging-1.2.jar;C:\Users\miche\.m2\repository\commons-codec\commons-codec\1.11\commons-codec-1.11.jar;C:\Users\miche\.m2\repository\org\apache\httpcomponents\httpmime\4.5.13\httpmime-4.5.13.jar;C:\Users\miche\.m2\repository\org\hamcrest\hamcrest\2.1\hamcrest-2.1.jar;C:\Users\miche\.m2\repository\org\ccil\cowan\tagsoup\tagsoup\1.2.1\tagsoup-1.2.1.jar;C:\Users\miche\.m2\repository\io\rest-assured\xml-path\4.4.0\xml-path-4.4.0.jar;C:\Users\miche\.m2\repository\org\apache\commons\commons-lang3\3.11\commons-lang3-3.11.jar;C:\Users\miche\.m2\repository\jakarta\xml\bind\jakarta.xml.bind-api\2.3.3\jakarta.xml.bind-api-2.3.3.jar;C:\Users\miche\.m2\repository\jakarta\activation\jakarta.activation-api\1.2.2\jakarta.activation-api-1.2.2.jar;C:\Users\miche\.m2\repository\com\sun\xml\bind\jaxb-impl\2.3.3\jaxb-impl-2.3.3.jar;C:\Users\miche\.m2\repository\com\github\fge\json-schema-validator\2.2.6\json-schema-validator-2.2.6.jar;C:\Users\miche\.m2\repository\com\google\code\findbugs\jsr305\3.0.0\jsr305-3.0.0.jar;C:\Users\miche\.m2\repository\joda-time\joda-time\2.3\joda-time-2.3.jar;C:\Users\miche\.m2\repository\com\googlecode\libphonenumber\libphonenumber\6.2\libphonenumber-6.2.jar;C:\Users\miche\.m2\repository\com\github\fge\json-schema-core\1.2.5\j
Launcher Type: SUN_STANDARD

[Global flags]
     intx CICompilerCount                          = 4                                         {product} {ergonomic}
     uint ConcGCThreads                            = 2                                         {product} {ergonomic}
     uint G1ConcRefinementThreads                  = 8                                         {product} {ergonomic}
   size_t G1HeapRegionSize                         = 1048576                                   {product} {ergonomic}
    uintx GCDrainStackTargetSize                   = 64                                        {product} {ergonomic}
   size_t InitialHeapSize                          = 132120576                                 {product} {ergonomic}
   size_t MarkStackSize                            = 4194304                                   {product} {ergonomic}
   size_t MaxHeapSize                              = 2113929216                                {product} {ergonomic}
   size_t MaxNewSize                               = 1267728384                                {product} {ergonomic}
   size_t MinHeapDeltaBytes                        = 1048576                                   {product} {ergonomic}
    uintx NonNMethodCodeHeapSize                   = 5836300                                {pd product} {ergonomic}
    uintx NonProfiledCodeHeapSize                  = 122910970                              {pd product} {ergonomic}
    uintx ProfiledCodeHeapSize                     = 122910970                              {pd product} {ergonomic}
    uintx ReservedCodeCacheSize                    = 251658240                              {pd product} {ergonomic}
     bool SegmentedCodeCache                       = true                                      {product} {ergonomic}
     bool UseCompressedClassPointers               = true                                 {lp64_product} {ergonomic}
     bool UseCompressedOops                        = true                                 {lp64_product} {ergonomic}
     bool UseG1GC                                  = true                                      {product} {ergonomic}
     bool UseLargePagesIndividualAllocation        = false                                  {pd product} {ergonomic}

Logging:
Log output configuration:
 #0: stdout all=warning uptime,level,tags
 #1: stderr all=off uptime,level,tags

Environment Variables:
JAVA_HOME=C:\Program Files\Java\jdk-11.0.8
PATH=C:/Program Files/Java/jdk-12.0.1/bin/server;C:/Program Files/Java/jdk-12.0.1/bin;C:/Users/miche/AppData/Local/Temp/eoiC20C.tmp//plugins/org.eclipse.justj.openjdk.hotspot.jre.minimal.stripped.win32.x86_64_15.0.2.v20210201-0955/jre/bin/server;C:/Users/miche/AppData/Local/Temp/eoiC20C.tmp//plugins/org.eclipse.justj.openjdk.hotspot.jre.minimal.stripped.win32.x86_64_15.0.2.v20210201-0955/jre/bin;C:\WINDOWS\system32;C:\WINDOWS;C:\WINDOWS\System32\Wbem;C:\WINDOWS\System32\WindowsPowerShell\v1.0\;C:\WINDOWS\System32\OpenSSH\;C:\Program Files (x86)\Intel\Intel(R) Management Engine Components\DAL;C:\Program Files\Intel\Intel(R) Management Engine Components\DAL;C:\Program Files\Java\jdk-11.0.8\bin;C:\Program Files\Microsoft VS Code\bin;C:\Program Files\nodejs\;C:\Program Files\Git\cmd;C:\Users\miche\AppData\Local\Microsoft\WindowsApps;C:\Users\miche\AppData\Roaming\npm;C:\Windows\maven\apache-maven-3.8.1\bin;;C:\Users\miche\Downloads;;C:\Users\miche\Downloads;
USERNAME=miche
OS=Windows_NT
PROCESSOR_IDENTIFIER=Intel64 Family 6 Model 142 Stepping 10, GenuineIntel



---------------  S Y S T E M  ---------------

OS: Windows 10 , 64 bit Build 19041 (10.0.19041.928)

CPU:total 8 (initial active 8) (4 cores per cpu, 2 threads per core) family 6 model 142 stepping 10, cmov, cx8, fxsr, mmx, sse, sse2, sse3, ssse3, sse4.1, sse4.2, popcnt, avx, avx2, aes, clmul, erms, 3dnowpref, lzcnt, ht, tsc, tscinvbit, bmi1, bmi2, adx, fma

Memory: 4k page, system-wide physical 8057M (1339M free)
TotalPageFile size 19949M (AvailPageFile size 2679M)
current process WorkingSet (physical memory assigned to process): 38M, peak: 67M
current process commit charge ("private bytes"): 223M, peak: 230M

vm_info: Java HotSpot(TM) 64-Bit Server VM (12.0.1+12) for windows-amd64 JRE (12.0.1+12), built on Apr  2 2019 14:02:19 by "mach5one" with MS VC++ 15.5 (VS2017)

END.
